
****** Vitis HLS - High-Level Synthesis from C, C++ and OpenCL v2023.1 (64-bit)
  **** SW Build 3854077 on May  4 2023
  **** IP Build 3864474 on Sun May  7 20:36:21 MDT 2023
  **** SharedData Build 3865790 on Sun May 07 13:33:03 MDT 2023
    ** Copyright 1986-2022 Xilinx, Inc. All Rights Reserved.
    ** Copyright 2022-2023 Advanced Micro Devices, Inc. All Rights Reserved.

source /tools/Xilinx/Vitis_HLS/2023.1/scripts/vitis_hls/hls.tcl -notrace
INFO: [HLS 200-10] Running '/tools/Xilinx/Vitis_HLS/2023.1/bin/unwrapped/lnx64.o/vitis_hls'
INFO: [HLS 200-10] For user 'chngh' on host 'chngh.' (Linux_x86_64 version 5.15.146.1-microsoft-standard-WSL2) on Mon May 27 18:41:19 CST 2024
INFO: [HLS 200-10] On os Ubuntu 22.04.4 LTS
INFO: [HLS 200-10] In directory '/home/chngh/Desktop/2024spring/Advanced_SOC_Design/lab4_fsic-fpga/fsic_fpga/vivado/vitis_prj/hls_userdma'
Sourcing Tcl script 'script.tcl'
INFO: [HLS 200-1510] Running: source script.tcl
INFO: [HLS 200-1510] Running: open_project hls_userdma.prj 
INFO: [HLS 200-10] Opening project '/home/chngh/Desktop/2024spring/Advanced_SOC_Design/lab4_fsic-fpga/fsic_fpga/vivado/vitis_prj/hls_userdma/hls_userdma.prj'.
INFO: [HLS 200-1510] Running: set_top userdma 
INFO: [HLS 200-1510] Running: add_files userdma.cpp 
INFO: [HLS 200-10] Adding design file 'userdma.cpp' to the project
INFO: [HLS 200-1510] Running: add_files userdma.h 
INFO: [HLS 200-10] Adding design file 'userdma.h' to the project
INFO: [HLS 200-1510] Running: add_files -tb userdma_test.cpp -cflags -Wno-unknown-pragmas -csimflags -Wno-unknown-pragmas 
INFO: [HLS 200-10] Adding test bench file 'userdma_test.cpp' to the project
INFO: [HLS 200-1510] Running: open_solution solution1 -flow_target vivado 
INFO: [HLS 200-10] Opening solution '/home/chngh/Desktop/2024spring/Advanced_SOC_Design/lab4_fsic-fpga/fsic_fpga/vivado/vitis_prj/hls_userdma/hls_userdma.prj/solution1'.
INFO: [SYN 201-201] Setting up clock 'default' with a period of 10ns.
INFO: [HLS 200-1611] Setting target device to 'xc7z020-clg400-1'
INFO: [HLS 200-1505] Using flow_target 'vivado'
Resolution: For help on HLS 200-1505 see www.xilinx.com/cgi-bin/docs/rdoc?v=2023.1;t=hls+guidance;d=200-1505.html
INFO: [HLS 200-1464] Running solution command: config_export -format=ip_catalog
INFO: [HLS 200-1464] Running solution command: config_export -rtl=verilog
INFO: [HLS 200-1510] Running: set_part xc7z020-clg400-1 
INFO: [HLS 200-1510] Running: create_clock -period 10 -name default 
INFO: [HLS 200-1510] Running: config_export -format ip_catalog -rtl verilog 
INFO: [HLS 200-1510] Running: source ./hls_userdma.prj/solution1/directives.tcl
INFO: [HLS 200-1510] Running: set_directive_top -name userdma userdma 
INFO: [HLS 200-1510] Running: csynth_design 
INFO: [HLS 200-111] Finished File checks and directory preparation: CPU user time: 0.06 seconds. CPU system time: 0 seconds. Elapsed time: 0.06 seconds; current allocated memory: 1.067 GB.
INFO: [HLS 200-10] Analyzing design file 'userdma.cpp' ... 
WARNING: [HLS 214-113] Either use an argument of the function or declare the variable inside the dataflow loop body (userdma.cpp:203:53)
Resolution: For help on HLS 214-113 see www.xilinx.com/cgi-bin/docs/rdoc?v=2023.1;t=hls+guidance;d=214-113.html
WARNING: [HLS 214-113] Either use an argument of the function or declare the variable inside the dataflow loop body (userdma.cpp:204:61)
Resolution: For help on HLS 214-113 see www.xilinx.com/cgi-bin/docs/rdoc?v=2023.1;t=hls+guidance;d=214-113.html
WARNING: [HLS 214-113] Either use an argument of the function or declare the variable inside the dataflow loop body (userdma.cpp:206:51)
Resolution: For help on HLS 214-113 see www.xilinx.com/cgi-bin/docs/rdoc?v=2023.1;t=hls+guidance;d=214-113.html
WARNING: [HLS 200-471] Dataflow form checks found 3 issue(s) in file userdma.cpp
Resolution: For help on HLS 200-471 see www.xilinx.com/cgi-bin/docs/rdoc?v=2023.1;t=hls+guidance;d=200-471.html
INFO: [HLS 200-111] Finished Source Code Analysis and Preprocessing: CPU user time: 3.49 seconds. CPU system time: 0.51 seconds. Elapsed time: 4.74 seconds; current allocated memory: 1.069 GB.
INFO: [HLS 200-777] Using interface defaults for 'Vivado' flow target.
INFO: [HLS 200-1995] There were 2,208 instructions in the design after the 'Compile/Link' phase of compilation. See the Design Size Report for more details: /home/chngh/Desktop/2024spring/Advanced_SOC_Design/lab4_fsic-fpga/fsic_fpga/vivado/vitis_prj/hls_userdma/hls_userdma.prj/solution1/syn/report/csynth_design_size.rpt
INFO: [HLS 200-1995] There were 378 instructions in the design after the 'Unroll/Inline' phase of compilation. See the Design Size Report for more details: /home/chngh/Desktop/2024spring/Advanced_SOC_Design/lab4_fsic-fpga/fsic_fpga/vivado/vitis_prj/hls_userdma/hls_userdma.prj/solution1/syn/report/csynth_design_size.rpt
INFO: [HLS 200-1995] There were 353 instructions in the design after the 'Performance/Pipeline' phase of compilation. See the Design Size Report for more details: /home/chngh/Desktop/2024spring/Advanced_SOC_Design/lab4_fsic-fpga/fsic_fpga/vivado/vitis_prj/hls_userdma/hls_userdma.prj/solution1/syn/report/csynth_design_size.rpt
INFO: [HLS 200-1995] There were 400 instructions in the design after the 'Optimizations' phase of compilation. See the Design Size Report for more details: /home/chngh/Desktop/2024spring/Advanced_SOC_Design/lab4_fsic-fpga/fsic_fpga/vivado/vitis_prj/hls_userdma/hls_userdma.prj/solution1/syn/report/csynth_design_size.rpt
INFO: [HLS 214-241] Aggregating fifo (hls::stream) variable 'inbuf' with compact=bit mode in 33-bits (userdma.cpp:198:32)
INFO: [HLS 214-241] Aggregating fifo (hls::stream) variable 'outbuf' with compact=bit mode in 40-bits (userdma.cpp:200:37)
INFO: [HLS 214-241] Aggregating maxi variable 'm2sbuf' with compact=none mode in 32-bits (userdma.cpp:177:0)
INFO: [HLS 214-241] Aggregating maxi variable 's2mbuf' with compact=none mode in 32-bits (userdma.cpp:177:0)
INFO: [HLS 214-115] Multiple burst writes of variable length and bit width 32 in loop 'VITIS_LOOP_23_2'(userdma.cpp:23:22) has been inferred on bundle 'gmem0'. These burst requests might be further partitioned into multiple requests during RTL generation, based on max_read_burst_length or max_write_burst_length settings. (userdma.cpp:23:22)
INFO: [HLS 214-115] Multiple burst reads of variable length and bit width 32 in loop 'VITIS_LOOP_106_2'(userdma.cpp:106:23) has been inferred on bundle 'gmem1'. These burst requests might be further partitioned into multiple requests during RTL generation, based on max_read_burst_length or max_write_burst_length settings. (userdma.cpp:106:23)
INFO: [HLS 200-111] Finished Compiling Optimization and Transform: CPU user time: 2.91 seconds. CPU system time: 0.37 seconds. Elapsed time: 8.11 seconds; current allocated memory: 1.071 GB.
INFO: [HLS 200-111] Finished Checking Pragmas: CPU user time: 0 seconds. CPU system time: 0 seconds. Elapsed time: 0 seconds; current allocated memory: 1.071 GB.
INFO: [HLS 200-10] Starting code transformations ...
INFO: [HLS 200-111] Finished Standard Transforms: CPU user time: 0.03 seconds. CPU system time: 0 seconds. Elapsed time: 0.11 seconds; current allocated memory: 1.072 GB.
INFO: [HLS 200-10] Checking synthesizability ...
INFO: [HLS 200-111] Finished Checking Synthesizability: CPU user time: 0.04 seconds. CPU system time: 0 seconds. Elapsed time: 0.04 seconds; current allocated memory: 1.072 GB.
INFO: [XFORM 203-712] Applying dataflow to function 'userdma' (userdma.cpp:164:1), detected/extracted 5 process function(s): 
	 'entry_proc'
	 'getinstream'
	 'streamtoparallelwithburst'
	 'paralleltostreamwithburst'
	 'sendoutstream'.
INFO: [XFORM 203-401] Performing if-conversion on hyperblock from (userdma.cpp:107:9) to (userdma.cpp:106:23) in function 'paralleltostreamwithburst'... converting 4 basic blocks.
INFO: [XFORM 203-401] Performing if-conversion on hyperblock from (userdma.cpp:49:9) to (userdma.cpp:71:10) in function 'getinstream'... converting 4 basic blocks.
INFO: [HLS 200-111] Finished Loop, function and other optimizations: CPU user time: 0.17 seconds. CPU system time: 0 seconds. Elapsed time: 0.18 seconds; current allocated memory: 1.095 GB.
WARNING: [HLS 200-960] Cannot flatten loop 'VITIS_LOOP_20_1' (userdma.cpp:20:21) in function 'streamtoparallelwithburst' either the parent loop or sub loop is do-while loop.
Resolution: For help on HLS 200-960 see www.xilinx.com/cgi-bin/docs/rdoc?v=2023.1;t=hls+guidance;d=200-960.html
WARNING: [HLS 200-960] Cannot flatten loop 'VITIS_LOOP_147_1' (userdma.cpp:147:23) in function 'sendoutstream' either the parent loop or sub loop is do-while loop.
Resolution: For help on HLS 200-960 see www.xilinx.com/cgi-bin/docs/rdoc?v=2023.1;t=hls+guidance;d=200-960.html
WARNING: [HLS 200-960] Cannot flatten loop 'VITIS_LOOP_98_1' (userdma.cpp:98:21) in function 'paralleltostreamwithburst' either the parent loop or sub loop is do-while loop.
Resolution: For help on HLS 200-960 see www.xilinx.com/cgi-bin/docs/rdoc?v=2023.1;t=hls+guidance;d=200-960.html
WARNING: [HLS 200-1450] Process getinstream has both a successor and writes an output to its caller (see the GUI dataflow viewer). This may lead to lower throughput. Consider copying this output via a successor process.
Resolution: For help on HLS 200-1450 see www.xilinx.com/cgi-bin/docs/rdoc?v=2023.1;t=hls+guidance;d=200-1450.html
INFO: [HLS 200-111] Finished Architecture Synthesis: CPU user time: 0.11 seconds. CPU system time: 0.01 seconds. Elapsed time: 0.13 seconds; current allocated memory: 1.172 GB.
INFO: [HLS 200-10] Starting hardware synthesis ...
INFO: [HLS 200-10] Synthesizing 'userdma' ...
WARNING: [SYN 201-107] Renaming port name 'userdma/m2s_len' to 'userdma/m2s_len_r' to avoid the conflict with HDL keywords or other object names.
INFO: [HLS 200-10] ----------------------------------------------------------------
INFO: [HLS 200-42] -- Implementing module 'entry_proc' 
INFO: [HLS 200-10] ----------------------------------------------------------------
INFO: [SCHED 204-11] Starting scheduling ...
INFO: [SCHED 204-11] Finished scheduling.
INFO: [HLS 200-111] Finished Scheduling: CPU user time: 0.03 seconds. CPU system time: 0.04 seconds. Elapsed time: 0.1 seconds; current allocated memory: 1.173 GB.
INFO: [BIND 205-100] Starting micro-architecture generation ...
INFO: [BIND 205-101] Performing variable lifetime analysis.
INFO: [BIND 205-101] Exploring resource sharing.
INFO: [BIND 205-101] Binding ...
INFO: [BIND 205-100] Finished micro-architecture generation.
INFO: [HLS 200-111] Finished Binding: CPU user time: 0.04 seconds. CPU system time: 0.01 seconds. Elapsed time: 0.04 seconds; current allocated memory: 1.173 GB.
INFO: [HLS 200-10] ----------------------------------------------------------------
INFO: [HLS 200-42] -- Implementing module 'getinstream_Pipeline_VITIS_LOOP_48_1' 
INFO: [HLS 200-10] ----------------------------------------------------------------
INFO: [SCHED 204-11] Starting scheduling ...
INFO: [SCHED 204-61] Pipelining loop 'VITIS_LOOP_48_1'.
INFO: [HLS 200-1470] Pipelining result : Target II = NA, Final II = 1, Depth = 3, loop 'VITIS_LOOP_48_1'
INFO: [SCHED 204-11] Finished scheduling.
INFO: [HLS 200-111] Finished Scheduling: CPU user time: 0.09 seconds. CPU system time: 0 seconds. Elapsed time: 0.1 seconds; current allocated memory: 1.174 GB.
INFO: [BIND 205-100] Starting micro-architecture generation ...
INFO: [BIND 205-101] Performing variable lifetime analysis.
INFO: [BIND 205-101] Exploring resource sharing.
INFO: [BIND 205-101] Binding ...
INFO: [BIND 205-100] Finished micro-architecture generation.
INFO: [HLS 200-111] Finished Binding: CPU user time: 0.05 seconds. CPU system time: 0.01 seconds. Elapsed time: 0.06 seconds; current allocated memory: 1.174 GB.
INFO: [HLS 200-10] ----------------------------------------------------------------
INFO: [HLS 200-42] -- Implementing module 'getinstream' 
INFO: [HLS 200-10] ----------------------------------------------------------------
INFO: [SCHED 204-11] Starting scheduling ...
INFO: [SCHED 204-11] Finished scheduling.
INFO: [HLS 200-111] Finished Scheduling: CPU user time: 0.07 seconds. CPU system time: 0 seconds. Elapsed time: 0.07 seconds; current allocated memory: 1.175 GB.
INFO: [BIND 205-100] Starting micro-architecture generation ...
INFO: [BIND 205-101] Performing variable lifetime analysis.
INFO: [BIND 205-101] Exploring resource sharing.
INFO: [BIND 205-101] Binding ...
INFO: [BIND 205-100] Finished micro-architecture generation.
INFO: [HLS 200-111] Finished Binding: CPU user time: 0.06 seconds. CPU system time: 0 seconds. Elapsed time: 0.06 seconds; current allocated memory: 1.175 GB.
INFO: [HLS 200-10] ----------------------------------------------------------------
INFO: [HLS 200-42] -- Implementing module 'streamtoparallelwithburst_Pipeline_VITIS_LOOP_23_2' 
INFO: [HLS 200-10] ----------------------------------------------------------------
INFO: [SCHED 204-11] Starting scheduling ...
INFO: [SCHED 204-61] Pipelining loop 'VITIS_LOOP_23_2'.
INFO: [HLS 200-1470] Pipelining result : Target II = NA, Final II = 1, Depth = 3, loop 'VITIS_LOOP_23_2'
INFO: [SCHED 204-11] Finished scheduling.
INFO: [HLS 200-111] Finished Scheduling: CPU user time: 0.04 seconds. CPU system time: 0.02 seconds. Elapsed time: 0.06 seconds; current allocated memory: 1.175 GB.
INFO: [BIND 205-100] Starting micro-architecture generation ...
INFO: [BIND 205-101] Performing variable lifetime analysis.
INFO: [BIND 205-101] Exploring resource sharing.
INFO: [BIND 205-101] Binding ...
INFO: [BIND 205-100] Finished micro-architecture generation.
INFO: [HLS 200-111] Finished Binding: CPU user time: 0.06 seconds. CPU system time: 0 seconds. Elapsed time: 0.06 seconds; current allocated memory: 1.175 GB.
INFO: [HLS 200-10] ----------------------------------------------------------------
INFO: [HLS 200-42] -- Implementing module 'streamtoparallelwithburst' 
INFO: [HLS 200-10] ----------------------------------------------------------------
INFO: [SCHED 204-11] Starting scheduling ...
INFO: [SCHED 204-11] Finished scheduling.
INFO: [HLS 200-111] Finished Scheduling: CPU user time: 0.13 seconds. CPU system time: 0.01 seconds. Elapsed time: 0.14 seconds; current allocated memory: 1.176 GB.
INFO: [BIND 205-100] Starting micro-architecture generation ...
INFO: [BIND 205-101] Performing variable lifetime analysis.
INFO: [BIND 205-101] Exploring resource sharing.
INFO: [BIND 205-101] Binding ...
INFO: [BIND 205-100] Finished micro-architecture generation.
INFO: [HLS 200-111] Finished Binding: CPU user time: 0.21 seconds. CPU system time: 0 seconds. Elapsed time: 0.21 seconds; current allocated memory: 1.176 GB.
INFO: [HLS 200-10] ----------------------------------------------------------------
INFO: [HLS 200-42] -- Implementing module 'paralleltostreamwithburst_Pipeline_VITIS_LOOP_106_2' 
INFO: [HLS 200-10] ----------------------------------------------------------------
INFO: [SCHED 204-11] Starting scheduling ...
INFO: [SCHED 204-61] Pipelining loop 'VITIS_LOOP_106_2'.
INFO: [HLS 200-1470] Pipelining result : Target II = NA, Final II = 1, Depth = 3, loop 'VITIS_LOOP_106_2'
INFO: [SCHED 204-11] Finished scheduling.
INFO: [HLS 200-111] Finished Scheduling: CPU user time: 0.13 seconds. CPU system time: 0 seconds. Elapsed time: 0.13 seconds; current allocated memory: 1.176 GB.
INFO: [BIND 205-100] Starting micro-architecture generation ...
INFO: [BIND 205-101] Performing variable lifetime analysis.
INFO: [BIND 205-101] Exploring resource sharing.
INFO: [BIND 205-101] Binding ...
INFO: [BIND 205-100] Finished micro-architecture generation.
INFO: [HLS 200-111] Finished Binding: CPU user time: 0.07 seconds. CPU system time: 0 seconds. Elapsed time: 0.06 seconds; current allocated memory: 1.176 GB.
INFO: [HLS 200-10] ----------------------------------------------------------------
INFO: [HLS 200-42] -- Implementing module 'paralleltostreamwithburst' 
INFO: [HLS 200-10] ----------------------------------------------------------------
INFO: [SCHED 204-11] Starting scheduling ...
INFO: [SCHED 204-11] Finished scheduling.
INFO: [HLS 200-111] Finished Scheduling: CPU user time: 0.17 seconds. CPU system time: 0 seconds. Elapsed time: 0.17 seconds; current allocated memory: 1.177 GB.
INFO: [BIND 205-100] Starting micro-architecture generation ...
INFO: [BIND 205-101] Performing variable lifetime analysis.
INFO: [BIND 205-101] Exploring resource sharing.
INFO: [BIND 205-101] Binding ...
INFO: [BIND 205-100] Finished micro-architecture generation.
INFO: [HLS 200-111] Finished Binding: CPU user time: 0.24 seconds. CPU system time: 0 seconds. Elapsed time: 0.24 seconds; current allocated memory: 1.177 GB.
INFO: [HLS 200-10] ----------------------------------------------------------------
INFO: [HLS 200-42] -- Implementing module 'sendoutstream_Pipeline_VITIS_LOOP_149_2' 
INFO: [HLS 200-10] ----------------------------------------------------------------
INFO: [SCHED 204-11] Starting scheduling ...
INFO: [SCHED 204-61] Pipelining loop 'VITIS_LOOP_149_2'.
INFO: [HLS 200-1470] Pipelining result : Target II = NA, Final II = 1, Depth = 2, loop 'VITIS_LOOP_149_2'
INFO: [SCHED 204-11] Finished scheduling.
INFO: [HLS 200-111] Finished Scheduling: CPU user time: 0.1 seconds. CPU system time: 0 seconds. Elapsed time: 0.1 seconds; current allocated memory: 1.178 GB.
INFO: [BIND 205-100] Starting micro-architecture generation ...
INFO: [BIND 205-101] Performing variable lifetime analysis.
INFO: [BIND 205-101] Exploring resource sharing.
INFO: [BIND 205-101] Binding ...
INFO: [BIND 205-100] Finished micro-architecture generation.
INFO: [HLS 200-111] Finished Binding: CPU user time: 0.07 seconds. CPU system time: 0 seconds. Elapsed time: 0.07 seconds; current allocated memory: 1.178 GB.
INFO: [HLS 200-10] ----------------------------------------------------------------
INFO: [HLS 200-42] -- Implementing module 'sendoutstream' 
INFO: [HLS 200-10] ----------------------------------------------------------------
INFO: [SCHED 204-11] Starting scheduling ...
INFO: [SCHED 204-11] Finished scheduling.
INFO: [HLS 200-111] Finished Scheduling: CPU user time: 0.04 seconds. CPU system time: 0.02 seconds. Elapsed time: 0.07 seconds; current allocated memory: 1.178 GB.
INFO: [BIND 205-100] Starting micro-architecture generation ...
INFO: [BIND 205-101] Performing variable lifetime analysis.
INFO: [BIND 205-101] Exploring resource sharing.
INFO: [BIND 205-101] Binding ...
INFO: [BIND 205-100] Finished micro-architecture generation.
INFO: [HLS 200-111] Finished Binding: CPU user time: 0.08 seconds. CPU system time: 0 seconds. Elapsed time: 0.08 seconds; current allocated memory: 1.178 GB.
INFO: [HLS 200-10] ----------------------------------------------------------------
INFO: [HLS 200-42] -- Implementing module 'userdma' 
INFO: [HLS 200-10] ----------------------------------------------------------------
INFO: [SCHED 204-11] Starting scheduling ...
INFO: [SCHED 204-11] Finished scheduling.
INFO: [HLS 200-111] Finished Scheduling: CPU user time: 0.07 seconds. CPU system time: 0.02 seconds. Elapsed time: 0.09 seconds; current allocated memory: 1.178 GB.
INFO: [BIND 205-100] Starting micro-architecture generation ...
INFO: [BIND 205-101] Performing variable lifetime analysis.
INFO: [BIND 205-101] Exploring resource sharing.
INFO: [BIND 205-101] Binding ...
INFO: [BIND 205-100] Finished micro-architecture generation.
INFO: [HLS 200-111] Finished Binding: CPU user time: 0.11 seconds. CPU system time: 0 seconds. Elapsed time: 0.11 seconds; current allocated memory: 1.178 GB.
INFO: [HLS 200-10] ----------------------------------------------------------------
INFO: [HLS 200-10] -- Generating RTL for module 'entry_proc' 
INFO: [HLS 200-10] ----------------------------------------------------------------
INFO: [RTGEN 206-100] Finished creating RTL model for 'entry_proc'.
INFO: [HLS 200-111] Finished Creating RTL model: CPU user time: 0.04 seconds. CPU system time: 0.01 seconds. Elapsed time: 0.06 seconds; current allocated memory: 1.179 GB.
INFO: [HLS 200-10] ----------------------------------------------------------------
INFO: [HLS 200-10] -- Generating RTL for module 'getinstream_Pipeline_VITIS_LOOP_48_1' 
INFO: [HLS 200-10] ----------------------------------------------------------------
WARNING: [RTGEN 206-101] Register 'width_count' is power-on initialization.
INFO: [HLS 200-1030] Apply Unified Pipeline Control on module 'getinstream_Pipeline_VITIS_LOOP_48_1' pipeline 'VITIS_LOOP_48_1' pipeline type 'loop pipeline'
INFO: [RTGEN 206-100] Finished creating RTL model for 'getinstream_Pipeline_VITIS_LOOP_48_1'.
INFO: [HLS 200-111] Finished Creating RTL model: CPU user time: 0.07 seconds. CPU system time: 0 seconds. Elapsed time: 0.08 seconds; current allocated memory: 1.180 GB.
INFO: [HLS 200-10] ----------------------------------------------------------------
INFO: [HLS 200-10] -- Generating RTL for module 'getinstream' 
INFO: [HLS 200-10] ----------------------------------------------------------------
WARNING: [RTGEN 206-101] Register 'in_len' is power-on initialization.
INFO: [RTGEN 206-100] Finished creating RTL model for 'getinstream'.
INFO: [HLS 200-111] Finished Creating RTL model: CPU user time: 0.12 seconds. CPU system time: 0.01 seconds. Elapsed time: 0.12 seconds; current allocated memory: 1.181 GB.
INFO: [HLS 200-10] ----------------------------------------------------------------
INFO: [HLS 200-10] -- Generating RTL for module 'streamtoparallelwithburst_Pipeline_VITIS_LOOP_23_2' 
INFO: [HLS 200-10] ----------------------------------------------------------------
INFO: [HLS 200-1030] Apply Unified Pipeline Control on module 'streamtoparallelwithburst_Pipeline_VITIS_LOOP_23_2' pipeline 'VITIS_LOOP_23_2' pipeline type 'loop pipeline'
WARNING: [RTGEN 206-101] Setting dangling out port 'streamtoparallelwithburst_Pipeline_VITIS_LOOP_23_2/m_axi_gmem0_AWVALID' to 0.
WARNING: [RTGEN 206-101] Setting dangling out port 'streamtoparallelwithburst_Pipeline_VITIS_LOOP_23_2/m_axi_gmem0_AWADDR' to 0.
WARNING: [RTGEN 206-101] Setting dangling out port 'streamtoparallelwithburst_Pipeline_VITIS_LOOP_23_2/m_axi_gmem0_AWID' to 0.
WARNING: [RTGEN 206-101] Setting dangling out port 'streamtoparallelwithburst_Pipeline_VITIS_LOOP_23_2/m_axi_gmem0_AWLEN' to 0.
WARNING: [RTGEN 206-101] Setting dangling out port 'streamtoparallelwithburst_Pipeline_VITIS_LOOP_23_2/m_axi_gmem0_AWSIZE' to 0.
WARNING: [RTGEN 206-101] Setting dangling out port 'streamtoparallelwithburst_Pipeline_VITIS_LOOP_23_2/m_axi_gmem0_AWBURST' to 0.
WARNING: [RTGEN 206-101] Setting dangling out port 'streamtoparallelwithburst_Pipeline_VITIS_LOOP_23_2/m_axi_gmem0_AWLOCK' to 0.
WARNING: [RTGEN 206-101] Setting dangling out port 'streamtoparallelwithburst_Pipeline_VITIS_LOOP_23_2/m_axi_gmem0_AWCACHE' to 0.
WARNING: [RTGEN 206-101] Setting dangling out port 'streamtoparallelwithburst_Pipeline_VITIS_LOOP_23_2/m_axi_gmem0_AWPROT' to 0.
WARNING: [RTGEN 206-101] Setting dangling out port 'streamtoparallelwithburst_Pipeline_VITIS_LOOP_23_2/m_axi_gmem0_AWQOS' to 0.
WARNING: [RTGEN 206-101] Setting dangling out port 'streamtoparallelwithburst_Pipeline_VITIS_LOOP_23_2/m_axi_gmem0_AWREGION' to 0.
WARNING: [RTGEN 206-101] Setting dangling out port 'streamtoparallelwithburst_Pipeline_VITIS_LOOP_23_2/m_axi_gmem0_AWUSER' to 0.
WARNING: [RTGEN 206-101] Setting dangling out port 'streamtoparallelwithburst_Pipeline_VITIS_LOOP_23_2/m_axi_gmem0_BREADY' to 0.
INFO: [RTGEN 206-100] Finished creating RTL model for 'streamtoparallelwithburst_Pipeline_VITIS_LOOP_23_2'.
INFO: [HLS 200-111] Finished Creating RTL model: CPU user time: 0.09 seconds. CPU system time: 0.01 seconds. Elapsed time: 0.1 seconds; current allocated memory: 1.183 GB.
INFO: [HLS 200-10] ----------------------------------------------------------------
INFO: [HLS 200-10] -- Generating RTL for module 'streamtoparallelwithburst' 
INFO: [HLS 200-10] ----------------------------------------------------------------
WARNING: [RTGEN 206-101] Register 'out_sts' is power-on initialization.
WARNING: [RTGEN 206-101] Register 'final_s2m_len' is power-on initialization.
INFO: [RTGEN 206-100] Finished creating RTL model for 'streamtoparallelwithburst'.
INFO: [HLS 200-111] Finished Creating RTL model: CPU user time: 0.11 seconds. CPU system time: 0.01 seconds. Elapsed time: 0.12 seconds; current allocated memory: 1.184 GB.
INFO: [HLS 200-10] ----------------------------------------------------------------
INFO: [HLS 200-10] -- Generating RTL for module 'paralleltostreamwithburst_Pipeline_VITIS_LOOP_106_2' 
INFO: [HLS 200-10] ----------------------------------------------------------------
WARNING: [RTGEN 206-101] Register 'Img_width_count' is power-on initialization.
INFO: [HLS 200-1030] Apply Unified Pipeline Control on module 'paralleltostreamwithburst_Pipeline_VITIS_LOOP_106_2' pipeline 'VITIS_LOOP_106_2' pipeline type 'loop pipeline'
WARNING: [RTGEN 206-101] Setting dangling out port 'paralleltostreamwithburst_Pipeline_VITIS_LOOP_106_2/m_axi_gmem1_ARVALID' to 0.
WARNING: [RTGEN 206-101] Setting dangling out port 'paralleltostreamwithburst_Pipeline_VITIS_LOOP_106_2/m_axi_gmem1_ARADDR' to 0.
WARNING: [RTGEN 206-101] Setting dangling out port 'paralleltostreamwithburst_Pipeline_VITIS_LOOP_106_2/m_axi_gmem1_ARID' to 0.
WARNING: [RTGEN 206-101] Setting dangling out port 'paralleltostreamwithburst_Pipeline_VITIS_LOOP_106_2/m_axi_gmem1_ARLEN' to 0.
WARNING: [RTGEN 206-101] Setting dangling out port 'paralleltostreamwithburst_Pipeline_VITIS_LOOP_106_2/m_axi_gmem1_ARSIZE' to 0.
WARNING: [RTGEN 206-101] Setting dangling out port 'paralleltostreamwithburst_Pipeline_VITIS_LOOP_106_2/m_axi_gmem1_ARBURST' to 0.
WARNING: [RTGEN 206-101] Setting dangling out port 'paralleltostreamwithburst_Pipeline_VITIS_LOOP_106_2/m_axi_gmem1_ARLOCK' to 0.
WARNING: [RTGEN 206-101] Setting dangling out port 'paralleltostreamwithburst_Pipeline_VITIS_LOOP_106_2/m_axi_gmem1_ARCACHE' to 0.
WARNING: [RTGEN 206-101] Setting dangling out port 'paralleltostreamwithburst_Pipeline_VITIS_LOOP_106_2/m_axi_gmem1_ARPROT' to 0.
WARNING: [RTGEN 206-101] Setting dangling out port 'paralleltostreamwithburst_Pipeline_VITIS_LOOP_106_2/m_axi_gmem1_ARQOS' to 0.
WARNING: [RTGEN 206-101] Setting dangling out port 'paralleltostreamwithburst_Pipeline_VITIS_LOOP_106_2/m_axi_gmem1_ARREGION' to 0.
WARNING: [RTGEN 206-101] Setting dangling out port 'paralleltostreamwithburst_Pipeline_VITIS_LOOP_106_2/m_axi_gmem1_ARUSER' to 0.
INFO: [RTGEN 206-100] Finished creating RTL model for 'paralleltostreamwithburst_Pipeline_VITIS_LOOP_106_2'.
INFO: [HLS 200-111] Finished Creating RTL model: CPU user time: 0.21 seconds. CPU system time: 0 seconds. Elapsed time: 0.21 seconds; current allocated memory: 1.186 GB.
INFO: [HLS 200-10] ----------------------------------------------------------------
INFO: [HLS 200-10] -- Generating RTL for module 'paralleltostreamwithburst' 
INFO: [HLS 200-10] ----------------------------------------------------------------
WARNING: [RTGEN 206-101] Register 'first' is power-on initialization.
WARNING: [RTGEN 206-101] Register 'm2s_len' is power-on initialization.
INFO: [RTGEN 206-100] Finished creating RTL model for 'paralleltostreamwithburst'.
INFO: [HLS 200-111] Finished Creating RTL model: CPU user time: 0.14 seconds. CPU system time: 0 seconds. Elapsed time: 0.15 seconds; current allocated memory: 1.188 GB.
INFO: [HLS 200-10] ----------------------------------------------------------------
INFO: [HLS 200-10] -- Generating RTL for module 'sendoutstream_Pipeline_VITIS_LOOP_149_2' 
INFO: [HLS 200-10] ----------------------------------------------------------------
INFO: [RTGEN 206-100] Finished creating RTL model for 'sendoutstream_Pipeline_VITIS_LOOP_149_2'.
INFO: [HLS 200-111] Finished Creating RTL model: CPU user time: 0.21 seconds. CPU system time: 0 seconds. Elapsed time: 0.21 seconds; current allocated memory: 1.190 GB.
INFO: [HLS 200-10] ----------------------------------------------------------------
INFO: [HLS 200-10] -- Generating RTL for module 'sendoutstream' 
INFO: [HLS 200-10] ----------------------------------------------------------------
INFO: [RTGEN 206-100] Finished creating RTL model for 'sendoutstream'.
INFO: [HLS 200-111] Finished Creating RTL model: CPU user time: 0.17 seconds. CPU system time: 0.01 seconds. Elapsed time: 0.18 seconds; current allocated memory: 1.191 GB.
INFO: [HLS 200-10] ----------------------------------------------------------------
INFO: [HLS 200-10] -- Generating RTL for module 'userdma' 
INFO: [HLS 200-10] ----------------------------------------------------------------
WARNING: [RTGEN 206-101] Design contains AXI ports. Reset is fixed to synchronous and active low.
INFO: [RTGEN 206-500] Setting interface mode on port 'userdma/gmem0' to 'm_axi'.
INFO: [RTGEN 206-500] Setting interface mode on port 'userdma/gmem1' to 'm_axi'.
INFO: [RTGEN 206-500] Setting interface mode on port 'userdma/inStreamTop_V_data_V' to 'axis' (register, both mode).
INFO: [RTGEN 206-500] Setting interface mode on port 'userdma/inStreamTop_V_keep_V' to 'axis' (register, both mode).
INFO: [RTGEN 206-500] Setting interface mode on port 'userdma/inStreamTop_V_strb_V' to 'axis' (register, both mode).
INFO: [RTGEN 206-500] Setting interface mode on port 'userdma/inStreamTop_V_user_V' to 'axis' (register, both mode).
INFO: [RTGEN 206-500] Setting interface mode on port 'userdma/inStreamTop_V_last_V' to 'axis' (register, both mode).
INFO: [RTGEN 206-500] Setting interface mode on port 'userdma/s2m_buf_sts' to 's_axilite & ap_vld'.
INFO: [RTGEN 206-500] Setting interface mode on port 'userdma/s2m_sts_clear' to 's_axilite & ap_none'.
INFO: [RTGEN 206-500] Setting interface mode on port 'userdma/s2m_len' to 's_axilite & ap_none'.
INFO: [RTGEN 206-500] Setting interface mode on port 'userdma/s2m_enb_clrsts' to 's_axilite & ap_none'.
INFO: [RTGEN 206-500] Setting interface mode on port 'userdma/s2mbuf' to 's_axilite & ap_none'.
INFO: [RTGEN 206-500] Setting interface mode on port 'userdma/s2m_err' to 's_axilite & ap_vld'.
INFO: [RTGEN 206-500] Setting interface mode on port 'userdma/Img_width' to 's_axilite & ap_none'.
INFO: [RTGEN 206-500] Setting interface mode on port 'userdma/m2sbuf' to 's_axilite & ap_none'.
INFO: [RTGEN 206-500] Setting interface mode on port 'userdma/m2s_buf_sts' to 's_axilite & ap_vld'.
INFO: [RTGEN 206-500] Setting interface mode on port 'userdma/m2s_sts_clear' to 's_axilite & ap_none'.
INFO: [RTGEN 206-500] Setting interface mode on port 'userdma/m2s_len' to 's_axilite & ap_none'.
INFO: [RTGEN 206-500] Setting interface mode on port 'userdma/m2s_enb_clrsts' to 's_axilite & ap_none'.
INFO: [RTGEN 206-500] Setting interface mode on port 'userdma/outStreamTop_V_data_V' to 'axis' (register, both mode).
INFO: [RTGEN 206-500] Setting interface mode on port 'userdma/outStreamTop_V_keep_V' to 'axis' (register, both mode).
INFO: [RTGEN 206-500] Setting interface mode on port 'userdma/outStreamTop_V_strb_V' to 'axis' (register, both mode).
INFO: [RTGEN 206-500] Setting interface mode on port 'userdma/outStreamTop_V_user_V' to 'axis' (register, both mode).
INFO: [RTGEN 206-500] Setting interface mode on port 'userdma/outStreamTop_V_last_V' to 'axis' (register, both mode).
INFO: [RTGEN 206-500] Setting interface mode on function 'userdma' to 's_axilite & ap_ctrl_hs'.
INFO: [RTGEN 206-100] Bundling port 's2m_buf_sts', 's2m_sts_clear', 's2m_len', 's2m_enb_clrsts', 's2mbuf', 's2m_err', 'Img_width', 'm2sbuf', 'm2s_buf_sts', 'm2s_sts_clear', 'm2s_len', 'm2s_enb_clrsts' to AXI-Lite port control.
INFO: [RTGEN 206-100] Finished creating RTL model for 'userdma'.
INFO: [RTMG 210-285] Implementing FIFO 's2m_sts_clear_c_U(userdma_fifo_w1_d3_S)' using Shift Registers.
INFO: [RTMG 210-285] Implementing FIFO 's2mbuf_c_U(userdma_fifo_w64_d3_S)' using Shift Registers.
INFO: [RTMG 210-285] Implementing FIFO 'm2s_sts_clear_c_U(userdma_fifo_w1_d3_S)' using Shift Registers.
INFO: [RTMG 210-285] Implementing FIFO 'inbuf_U(userdma_fifo_w33_d1024_A)' using Vivado Default RAMs.
INFO: [RTMG 210-285] Implementing FIFO 'incount_U(userdma_fifo_w32_d64_A)' using Vivado Default RAMs.
INFO: [RTMG 210-285] Implementing FIFO 's2m_len_c_U(userdma_fifo_w32_d2_S)' using Shift Registers.
INFO: [RTMG 210-285] Implementing FIFO 's2m_enb_clrsts_c_U(userdma_fifo_w1_d2_S)' using Shift Registers.
INFO: [RTMG 210-285] Implementing FIFO 'outbuf_U(userdma_fifo_w40_d1024_A)' using Vivado Default RAMs.
INFO: [RTMG 210-285] Implementing FIFO 'outcount_U(userdma_fifo_w32_d64_A)' using Vivado Default RAMs.
INFO: [RTMG 210-285] Implementing FIFO 'm2s_enb_clrsts_c_U(userdma_fifo_w1_d2_S)' using Shift Registers.
INFO: [RTMG 210-285] Implementing FIFO 'start_for_streamtoparallelwithburst_U0_U(userdma_start_for_streamtoparallelwithburst_U0)' using Shift Registers.
INFO: [RTMG 210-285] Implementing FIFO 'start_for_sendoutstream_U0_U(userdma_start_for_sendoutstream_U0)' using Shift Registers.
INFO: [HLS 200-111] Finished Creating RTL model: CPU user time: 0.15 seconds. CPU system time: 0.03 seconds. Elapsed time: 0.2 seconds; current allocated memory: 1.194 GB.
INFO: [HLS 200-111] Finished Generating all RTL models: CPU user time: 0.77 seconds. CPU system time: 0.04 seconds. Elapsed time: 0.81 seconds; current allocated memory: 1.199 GB.
INFO: [HLS 200-1603] Design has inferred MAXI bursts and missed bursts, see Vitis HLS GUI synthesis summary report for detailed information.
INFO: [HLS 200-111] Finished Updating report files: CPU user time: 1.22 seconds. CPU system time: 0.02 seconds. Elapsed time: 1.25 seconds; current allocated memory: 1.213 GB.
INFO: [VHDL 208-304] Generating VHDL RTL for userdma.
INFO: [VLOG 209-307] Generating Verilog RTL for userdma.
INFO: [HLS 200-790] **** Loop Constraint Status: All loop constraints were satisfied.
INFO: [HLS 200-789] **** Estimated Fmax: 136.99 MHz
INFO: [HLS 200-111] Finished Command csynth_design CPU user time: 12.01 seconds. CPU system time: 1.17 seconds. Elapsed time: 18.93 seconds; current allocated memory: 148.953 MB.
INFO: [HLS 200-1510] Running: export_design -rtl verilog -format ip_catalog 
INFO: [IMPL 213-8] Exporting RTL as a Vivado IP.

****** Vivado v2023.1 (64-bit)
  **** SW Build 3865809 on Sun May  7 15:04:56 MDT 2023
  **** IP Build 3864474 on Sun May  7 20:36:21 MDT 2023
  **** SharedData Build 3865790 on Sun May 07 13:33:03 MDT 2023
    ** Copyright 1986-2022 Xilinx, Inc. All Rights Reserved.
    ** Copyright 2022-2023 Advanced Micro Devices, Inc. All Rights Reserved.

source run_ippack.tcl -notrace
INFO: [IP_Flow 19-234] Refreshing IP repositories
INFO: [IP_Flow 19-1704] No user IP repositories specified
INFO: [IP_Flow 19-2313] Loaded Vivado IP repository '/tools/Xilinx/Vivado/2023.1/data/ip'.
INFO: [Common 17-206] Exiting Vivado at Mon May 27 18:41:55 2024...
INFO: [HLS 200-802] Generated output file hls_userdma.prj/solution1/impl/export.zip
INFO: [HLS 200-111] Finished Command export_design CPU user time: 13.99 seconds. CPU system time: 0.71 seconds. Elapsed time: 23.77 seconds; current allocated memory: 9.379 MB.
INFO: [HLS 200-112] Total CPU user time: 28.8 seconds. Total CPU system time: 2.44 seconds. Total elapsed time: 46.56 seconds; peak allocated memory: 1.222 GB.
INFO: [Common 17-206] Exiting vitis_hls at Mon May 27 18:42:05 2024...
