

================================================================
== Vitis HLS Report for 'sendoutstream'
================================================================
* Date:           Mon May 27 18:41:37 2024

* Version:        2023.1 (Build 3854077 on May  4 2023)
* Project:        hls_userdma.prj
* Solution:       solution1 (Vivado IP Flow Target)
* Product family: zynq
* Target device:  xc7z020-clg400-1


================================================================
== Performance Estimates
================================================================
+ Timing: 
    * Summary: 
    +--------+----------+----------+------------+
    |  Clock |  Target  | Estimated| Uncertainty|
    +--------+----------+----------+------------+
    |ap_clk  |  10.00 ns|  4.612 ns|     2.70 ns|
    +--------+----------+----------+------------+

+ Latency: 
    * Summary: 
    +---------+---------+----------+----------+-----+-----+---------+
    |  Latency (cycles) |  Latency (absolute) |  Interval | Pipeline|
    |   min   |   max   |    min   |    max   | min | max |   Type  |
    +---------+---------+----------+----------+-----+-----+---------+
    |        ?|        ?|         ?|         ?|    ?|    ?|       no|
    +---------+---------+----------+----------+-----+-----+---------+

    + Detail: 
        * Instance: 
        N/A

        * Loop: 
        +--------------------+---------+---------+----------+-----------+-----------+------+----------+
        |                    |  Latency (cycles) | Iteration|  Initiation Interval  | Trip |          |
        |      Loop Name     |   min   |   max   |  Latency |  achieved |   target  | Count| Pipelined|
        +--------------------+---------+---------+----------+-----------+-----------+------+----------+
        |- VITIS_LOOP_147_1  |        ?|        ?|         ?|          -|          -|     ?|        no|
        +--------------------+---------+---------+----------+-----------+-----------+------+----------+

============================================================
+ Verbose Summary: Synthesis Manager
============================================================
InlineROM: 1
ExposeGlobal: 0
============================================================
+ Verbose Summary: CDFG Model
============================================================
IsTopModel: 0
ResetActiveHigh: 1
IsCombinational: 2
IsDatapathOnly: 0
HasWiredReturn: 1
HasMFsm: 0
HasVarLatency: 1
IsPipeline: 0
IsRtlPipelined: 0
IsInstanceOverlapped: 0
IsDontTouch: 0
HasImplIP: 0
IsGatedGlobalClock: 0


============================================================
+ Verbose Summary: Schedule
============================================================
* Number of FSM states : 5
* Pipeline : 0
* Dataflow Pipeline: 0

* FSM state transitions: 
1 --> 2 5 
2 --> 3 
3 --> 4 
4 --> 5 
5 --> 2 

* FSM state operations: 

State 1 <SV = 0> <Delay = 4.61>
ST_1 : Operation 6 [1/1] (0.00ns)   --->   "%p_phi_loc = alloca i64 1"   --->   Operation 6 'alloca' 'p_phi_loc' <Predicate = true> <Delay = 0.00>
ST_1 : Operation 7 [1/1] (0.00ns)   --->   "%specinterface_ln0 = specinterface void @_ssdm_op_SpecInterface, i1 %in_en_clrsts, void @ap_fifo_str, i32 0, i32 0, void @p_str, i32 0, i32 0, void @p_str, void @p_str, void @p_str, i32 2, i32 2, i32 16, i32 16, void @p_str, void @ScalarProp_str, i32 4294967295, i32 0"   --->   Operation 7 'specinterface' 'specinterface_ln0' <Predicate = true> <Delay = 0.00>
ST_1 : Operation 8 [1/1] (3.63ns)   --->   "%in_en_clrsts_read = read i1 @_ssdm_op_Read.ap_fifo.i1P0A, i1 %in_en_clrsts"   --->   Operation 8 'read' 'in_en_clrsts_read' <Predicate = true> <Delay = 3.63> <CoreInst = "FIFO_SRL">   --->   Core 81 'FIFO_SRL' <Latency = 0> <II = 1> <Delay = 3.63> <Storage> <Opcode : 'read' 'write' 'nbread' 'nbwrite'> <Ports = 0> <Width = 1> <Depth = 2> <FIFO>
ST_1 : Operation 9 [1/1] (0.00ns)   --->   "%specinterface_ln0 = specinterface void @_ssdm_op_SpecInterface, i1 %sts_clear, void @ap_fifo_str, i32 0, i32 0, void @p_str, i32 0, i32 0, void @p_str, void @p_str, void @p_str, i32 2, i32 2, i32 16, i32 16, void @p_str, void @ScalarProp_str, i32 4294967295, i32 0"   --->   Operation 9 'specinterface' 'specinterface_ln0' <Predicate = true> <Delay = 0.00>
ST_1 : Operation 10 [1/1] (3.63ns)   --->   "%sts_clear_2 = read i1 @_ssdm_op_Read.ap_fifo.i1P0A, i1 %sts_clear"   --->   Operation 10 'read' 'sts_clear_2' <Predicate = true> <Delay = 3.63> <CoreInst = "FIFO_SRL">   --->   Core 81 'FIFO_SRL' <Latency = 0> <II = 1> <Delay = 3.63> <Storage> <Opcode : 'read' 'write' 'nbread' 'nbwrite'> <Ports = 0> <Width = 1> <Depth = 3> <FIFO>
ST_1 : Operation 11 [1/1] (0.00ns)   --->   "%specaxissidechannel_ln0 = specaxissidechannel void @_ssdm_op_SpecAXISSideChannel, i32 %outStreamTop_V_data_V, i4 %outStreamTop_V_keep_V, i4 %outStreamTop_V_strb_V, i7 %outStreamTop_V_user_V, i1 %outStreamTop_V_last_V, i1 0, i1 0, void @empty_18"   --->   Operation 11 'specaxissidechannel' 'specaxissidechannel_ln0' <Predicate = true> <Delay = 0.00>
ST_1 : Operation 12 [1/1] (0.00ns)   --->   "%specinterface_ln0 = specinterface void @_ssdm_op_SpecInterface, i32 %outcount, void @empty_16, i32 0, i32 0, void @empty_29, i32 0, i32 0, void @empty_29, void @empty_29, void @empty_29, i32 0, i32 0, i32 0, i32 0, void @empty_29, void @empty_29, i32 4294967295, i32 0"   --->   Operation 12 'specinterface' 'specinterface_ln0' <Predicate = true> <Delay = 0.00>
ST_1 : Operation 13 [1/1] (0.00ns)   --->   "%specinterface_ln0 = specinterface void @_ssdm_op_SpecInterface, i40 %outbuf, void @empty_16, i32 0, i32 0, void @empty_29, i32 0, i32 0, void @empty_29, void @empty_29, void @empty_29, i32 0, i32 0, i32 0, i32 0, void @empty_29, void @empty_29, i32 4294967295, i32 0"   --->   Operation 13 'specinterface' 'specinterface_ln0' <Predicate = true> <Delay = 0.00>
ST_1 : Operation 14 [1/1] (0.00ns)   --->   "%specinterface_ln0 = specinterface void @_ssdm_op_SpecInterface, i1 %outStreamTop_V_last_V, i7 %outStreamTop_V_user_V, i4 %outStreamTop_V_strb_V, i4 %outStreamTop_V_keep_V, i32 %outStreamTop_V_data_V, void @empty_4, i32 1, i32 1, void @empty_3, i32 0, i32 0, void @empty_29, void @empty_29, void @empty_29, i32 0, i32 0, i32 0, i32 0, void @empty_29, void @empty_29, i32 4294967295, i32 0"   --->   Operation 14 'specinterface' 'specinterface_ln0' <Predicate = true> <Delay = 0.00>
ST_1 : Operation 15 [1/1] (0.00ns)   --->   "%br_ln142 = br i1 %in_en_clrsts_read, void %VITIS_LOOP_149_2.preheader, void %if.then" [userdma.cpp:142]   --->   Operation 15 'br' 'br_ln142' <Predicate = true> <Delay = 0.00>
ST_1 : Operation 16 [1/1] (0.00ns)   --->   "%br_ln147 = br void %VITIS_LOOP_149_2" [userdma.cpp:147]   --->   Operation 16 'br' 'br_ln147' <Predicate = (!in_en_clrsts_read)> <Delay = 0.00>
ST_1 : Operation 17 [1/1] (0.00ns)   --->   "%br_ln143 = br i1 %sts_clear_2, void %if.end, void %if.then1" [userdma.cpp:143]   --->   Operation 17 'br' 'br_ln143' <Predicate = (in_en_clrsts_read)> <Delay = 0.00>
ST_1 : Operation 18 [1/1] (0.00ns)   --->   "%write_ln144 = write void @_ssdm_op_Write.ap_auto.i1P0A, i1 %m2s_buf_sts, i1 0" [userdma.cpp:144]   --->   Operation 18 'write' 'write_ln144' <Predicate = (in_en_clrsts_read & sts_clear_2)> <Delay = 0.00>
ST_1 : Operation 19 [1/1] (0.00ns)   --->   "%br_ln144 = br void %if.end" [userdma.cpp:144]   --->   Operation 19 'br' 'br_ln144' <Predicate = (in_en_clrsts_read & sts_clear_2)> <Delay = 0.00>
ST_1 : Operation 20 [1/1] (0.00ns)   --->   "%br_ln146 = br void %if.end12" [userdma.cpp:146]   --->   Operation 20 'br' 'br_ln146' <Predicate = (in_en_clrsts_read)> <Delay = 0.00>

State 2 <SV = 1> <Delay = 3.56>
ST_2 : Operation 21 [1/1] (3.56ns)   --->   "%count = read i32 @_ssdm_op_Read.ap_fifo.volatile.i32P0A, i32 %outcount" [userdma.cpp:148]   --->   Operation 21 'read' 'count' <Predicate = true> <Delay = 3.56> <CoreInst = "FIFO">   --->   Core 78 'FIFO' <Latency = 0> <II = 1> <Delay = 3.56> <Storage> <Opcode : 'read' 'write' 'nbread' 'nbwrite'> <Ports = 0> <Width = 32> <Depth = 64> <FIFO>

State 3 <SV = 2> <Delay = 0.00>
ST_3 : Operation 22 [1/1] (0.00ns)   --->   "%empty = wait i32 @_ssdm_op_Wait"   --->   Operation 22 'wait' 'empty' <Predicate = true> <Delay = 0.00>
ST_3 : Operation 23 [2/2] (0.00ns)   --->   "%call_ln148 = call void @sendoutstream_Pipeline_VITIS_LOOP_149_2, i32 %count, i40 %outbuf, i32 %outStreamTop_V_data_V, i4 %outStreamTop_V_keep_V, i4 %outStreamTop_V_strb_V, i7 %outStreamTop_V_user_V, i1 %outStreamTop_V_last_V, i1 %p_phi_loc" [userdma.cpp:148]   --->   Operation 23 'call' 'call_ln148' <Predicate = true> <Delay = 0.00> <CoreType = "Generic">   --->   Core 0 '' <Latency = 0> <II = 1> <Delay = 1.00> <Generic> <Opcode : >

State 4 <SV = 3> <Delay = 3.50>
ST_4 : Operation 24 [1/2] (3.50ns)   --->   "%call_ln148 = call void @sendoutstream_Pipeline_VITIS_LOOP_149_2, i32 %count, i40 %outbuf, i32 %outStreamTop_V_data_V, i4 %outStreamTop_V_keep_V, i4 %outStreamTop_V_strb_V, i7 %outStreamTop_V_user_V, i1 %outStreamTop_V_last_V, i1 %p_phi_loc" [userdma.cpp:148]   --->   Operation 24 'call' 'call_ln148' <Predicate = true> <Delay = 3.50> <CoreType = "Generic">   --->   Core 0 '' <Latency = 0> <II = 1> <Delay = 1.00> <Generic> <Opcode : >

State 5 <SV = 4> <Delay = 0.00>
ST_5 : Operation 25 [1/1] (0.00ns)   --->   "%specloopname_ln147 = specloopname void @_ssdm_op_SpecLoopName, void @empty_21" [userdma.cpp:147]   --->   Operation 25 'specloopname' 'specloopname_ln147' <Predicate = (!in_en_clrsts_read)> <Delay = 0.00>
ST_5 : Operation 26 [1/1] (0.00ns)   --->   "%p_phi_loc_load = load i1 %p_phi_loc"   --->   Operation 26 'load' 'p_phi_loc_load' <Predicate = (!in_en_clrsts_read)> <Delay = 0.00>
ST_5 : Operation 27 [1/1] (0.00ns)   --->   "%br_ln157 = br i1 %p_phi_loc_load, void %VITIS_LOOP_149_2, void %if.then10" [userdma.cpp:157]   --->   Operation 27 'br' 'br_ln157' <Predicate = (!in_en_clrsts_read)> <Delay = 0.00>
ST_5 : Operation 28 [1/1] (0.00ns)   --->   "%write_ln159 = write void @_ssdm_op_Write.ap_auto.i1P0A, i1 %m2s_buf_sts, i1 1" [userdma.cpp:159]   --->   Operation 28 'write' 'write_ln159' <Predicate = (!in_en_clrsts_read & p_phi_loc_load)> <Delay = 0.00>
ST_5 : Operation 29 [1/1] (0.00ns)   --->   "%br_ln0 = br void %if.end12"   --->   Operation 29 'br' 'br_ln0' <Predicate = (!in_en_clrsts_read & p_phi_loc_load)> <Delay = 0.00>
ST_5 : Operation 30 [1/1] (0.00ns)   --->   "%ret_ln162 = ret" [userdma.cpp:162]   --->   Operation 30 'ret' 'ret_ln162' <Predicate = (p_phi_loc_load) | (in_en_clrsts_read)> <Delay = 0.00>


============================================================
+ Verbose Summary: Timing violations
============================================================
Target clock period: 10.000ns, clock uncertainty: 2.700ns.

 <State 1>: 4.612ns
The critical path consists of the following:
	fifo read operation ('sts_clear') on port 'sts_clear' [15]  (3.634 ns)
	blocking operation 0.978 ns on control path)

 <State 2>: 3.561ns
The critical path consists of the following:
	fifo read operation ('count', userdma.cpp:148) on port 'outcount' (userdma.cpp:148) [25]  (3.561 ns)

 <State 3>: 0.000ns
The critical path consists of the following:

 <State 4>: 3.507ns
The critical path consists of the following:
	'call' operation ('call_ln148', userdma.cpp:148) to 'sendoutstream_Pipeline_VITIS_LOOP_149_2' [27]  (3.507 ns)

 <State 5>: 0.000ns
The critical path consists of the following:


============================================================
+ Verbose Summary: Binding
============================================================
N/A
* FSMD analyzer results:
  - Output states:
 - Input state : 
  - Chain level:
	State 1
	State 2
	State 3
	State 4
	State 5


============================================================
+ Verbose Summary: Datapath Resource usage 
============================================================
N/A
