

================================================================
== Vitis HLS Report for 'streamtoparallelwithburst_Pipeline_VITIS_LOOP_23_2'
================================================================
* Date:           Mon May 27 18:41:36 2024

* Version:        2023.1 (Build 3854077 on May  4 2023)
* Project:        hls_userdma.prj
* Solution:       solution1 (Vivado IP Flow Target)
* Product family: zynq
* Target device:  xc7z020-clg400-1


================================================================
== Performance Estimates
================================================================
+ Timing: 
    * Summary: 
    +--------+----------+----------+------------+
    |  Clock |  Target  | Estimated| Uncertainty|
    +--------+----------+----------+------------+
    |ap_clk  |  10.00 ns|  7.300 ns|     2.70 ns|
    +--------+----------+----------+------------+

+ Latency: 
    * Summary: 
    +---------+---------+----------+----------+-----+-----+---------+
    |  Latency (cycles) |  Latency (absolute) |  Interval | Pipeline|
    |   min   |   max   |    min   |    max   | min | max |   Type  |
    +---------+---------+----------+----------+-----+-----+---------+
    |        ?|        ?|         ?|         ?|    ?|    ?|       no|
    +---------+---------+----------+----------+-----+-----+---------+

    + Detail: 
        * Instance: 
        N/A

        * Loop: 
        +-------------------+---------+---------+----------+-----------+-----------+------+----------+
        |                   |  Latency (cycles) | Iteration|  Initiation Interval  | Trip |          |
        |     Loop Name     |   min   |   max   |  Latency |  achieved |   target  | Count| Pipelined|
        +-------------------+---------+---------+----------+-----------+-----------+------+----------+
        |- VITIS_LOOP_23_2  |        ?|        ?|         3|          1|          1|     ?|       yes|
        +-------------------+---------+---------+----------+-----------+-----------+------+----------+

============================================================
+ Verbose Summary: Synthesis Manager
============================================================
InlineROM: 1
ExposeGlobal: 0
============================================================
+ Verbose Summary: CDFG Model
============================================================
IsTopModel: 0
ResetActiveHigh: 1
IsCombinational: 0
IsDatapathOnly: 0
HasWiredReturn: 1
HasMFsm: 2
HasVarLatency: 1
IsPipeline: 0
IsRtlPipelined: 0
IsInstanceOverlapped: 0
IsDontTouch: 0
HasImplIP: 0
IsGatedGlobalClock: 0

+ Individual pipeline summary: 
  * Pipeline-0: initiation interval (II) = 1, depth = 3


============================================================
+ Verbose Summary: Schedule
============================================================
* Number of FSM states : 3
* Pipeline : 1
  Pipeline-0 : II = 1, D = 3, States = { 1 2 3 }
* Dataflow Pipeline: 0

* FSM state transitions: 
1 --> 2 
2 --> 3 
3 --> 

* FSM state operations: 

State 1 <SV = 0> <Delay = 4.14>
ST_1 : Operation 6 [1/1] (0.00ns)   --->   "%i = alloca i32 1"   --->   Operation 6 'alloca' 'i' <Predicate = true> <Delay = 0.00>
ST_1 : Operation 7 [1/1] (0.00ns)   --->   "%count_read = read i32 @_ssdm_op_Read.ap_auto.i32, i32 %count"   --->   Operation 7 'read' 'count_read' <Predicate = true> <Delay = 0.00>
ST_1 : Operation 8 [1/1] (0.00ns)   --->   "%sext_ln23_1_read = read i62 @_ssdm_op_Read.ap_auto.i62, i62 %sext_ln23_1"   --->   Operation 8 'read' 'sext_ln23_1_read' <Predicate = true> <Delay = 0.00>
ST_1 : Operation 9 [1/1] (0.00ns)   --->   "%sext_ln23_1_cast = sext i62 %sext_ln23_1_read"   --->   Operation 9 'sext' 'sext_ln23_1_cast' <Predicate = true> <Delay = 0.00>
ST_1 : Operation 10 [1/1] (0.00ns)   --->   "%specinterface_ln0 = specinterface void @_ssdm_op_SpecInterface, i32 %gmem0, void @empty_28, i32 0, i32 0, void @empty_29, i32 10, i32 1024, void @empty_30, void @empty_31, void @empty_29, i32 16, i32 16, i32 16, i32 64, void @empty_29, void @empty_29, i32 4294967295, i32 0"   --->   Operation 10 'specinterface' 'specinterface_ln0' <Predicate = true> <Delay = 0.00>
ST_1 : Operation 11 [1/1] (0.00ns)   --->   "%specinterface_ln0 = specinterface void @_ssdm_op_SpecInterface, i33 %inbuf, void @empty_16, i32 0, i32 0, void @empty_29, i32 0, i32 0, void @empty_29, void @empty_29, void @empty_29, i32 0, i32 0, i32 0, i32 0, void @empty_29, void @empty_29, i32 4294967295, i32 0"   --->   Operation 11 'specinterface' 'specinterface_ln0' <Predicate = true> <Delay = 0.00>
ST_1 : Operation 12 [1/1] (1.58ns)   --->   "%store_ln0 = store i31 0, i31 %i"   --->   Operation 12 'store' 'store_ln0' <Predicate = true> <Delay = 1.58>
ST_1 : Operation 13 [1/1] (0.00ns)   --->   "%br_ln0 = br void %for.inc"   --->   Operation 13 'br' 'br_ln0' <Predicate = true> <Delay = 0.00>
ST_1 : Operation 14 [1/1] (0.00ns)   --->   "%i_load = load i31 %i" [userdma.cpp:23]   --->   Operation 14 'load' 'i_load' <Predicate = true> <Delay = 0.00>
ST_1 : Operation 15 [1/1] (0.00ns)   --->   "%zext_ln23 = zext i31 %i_load" [userdma.cpp:23]   --->   Operation 15 'zext' 'zext_ln23' <Predicate = true> <Delay = 0.00>
ST_1 : Operation 16 [1/1] (2.55ns)   --->   "%icmp_ln23 = icmp_slt  i32 %zext_ln23, i32 %count_read" [userdma.cpp:23]   --->   Operation 16 'icmp' 'icmp_ln23' <Predicate = true> <Delay = 2.55> <CoreInst = "Cmp">   --->   Core 9 'Cmp' <Latency = 0> <II = 1> <Delay = 2.55> <FuncUnit> <Opcode : 'icmp'> <InPorts = 2> <OutPorts = 1>
ST_1 : Operation 17 [1/1] (2.52ns)   --->   "%add_ln23 = add i31 %i_load, i31 1" [userdma.cpp:23]   --->   Operation 17 'add' 'add_ln23' <Predicate = true> <Delay = 2.52> <CoreInst = "Adder">   --->   Core 1 'Adder' <Latency = 0> <II = 1> <Delay = 2.52> <FuncUnit> <Opcode : 'add' 'sub'> <InPorts = 2> <OutPorts = 1>
ST_1 : Operation 18 [1/1] (0.00ns)   --->   "%br_ln23 = br i1 %icmp_ln23, void %for.end.loopexit.exitStub, void %for.inc.split" [userdma.cpp:23]   --->   Operation 18 'br' 'br_ln23' <Predicate = true> <Delay = 0.00>
ST_1 : Operation 19 [1/1] (1.58ns)   --->   "%store_ln23 = store i31 %add_ln23, i31 %i" [userdma.cpp:23]   --->   Operation 19 'store' 'store_ln23' <Predicate = (icmp_ln23)> <Delay = 1.58>

State 2 <SV = 1> <Delay = 3.50>
ST_2 : Operation 20 [1/1] (0.00ns)   --->   "%gmem0_addr = getelementptr i32 %gmem0, i64 %sext_ln23_1_cast" [userdma.cpp:23]   --->   Operation 20 'getelementptr' 'gmem0_addr' <Predicate = true> <Delay = 0.00>
ST_2 : Operation 21 [1/1] (3.50ns)   --->   "%inbuf_read = read i33 @_ssdm_op_Read.ap_fifo.volatile.i33P0A, i33 %inbuf" [userdma.cpp:25]   --->   Operation 21 'read' 'inbuf_read' <Predicate = (icmp_ln23)> <Delay = 3.50> <CoreInst = "FIFO">   --->   Core 78 'FIFO' <Latency = 0> <II = 1> <Delay = 3.50> <Storage> <Opcode : 'read' 'write' 'nbread' 'nbwrite'> <Ports = 0> <Width = 33> <Depth = 1024> <FIFO>
ST_2 : Operation 22 [1/1] (0.00ns)   --->   "%in_val_data_filed = trunc i33 %inbuf_read" [userdma.cpp:25]   --->   Operation 22 'trunc' 'in_val_data_filed' <Predicate = (icmp_ln23)> <Delay = 0.00>
ST_2 : Operation 27 [1/1] (0.00ns)   --->   "%ret_ln0 = ret"   --->   Operation 27 'ret' 'ret_ln0' <Predicate = (!icmp_ln23)> <Delay = 0.00>

State 3 <SV = 2> <Delay = 7.30>
ST_3 : Operation 23 [1/1] (0.00ns)   --->   "%specpipeline_ln24 = specpipeline void @_ssdm_op_SpecPipeline, i32 4294967295, i32 0, i32 0, i32 0, void @empty_29" [userdma.cpp:24]   --->   Operation 23 'specpipeline' 'specpipeline_ln24' <Predicate = true> <Delay = 0.00>
ST_3 : Operation 24 [1/1] (0.00ns)   --->   "%specloopname_ln23 = specloopname void @_ssdm_op_SpecLoopName, void @empty_23" [userdma.cpp:23]   --->   Operation 24 'specloopname' 'specloopname_ln23' <Predicate = true> <Delay = 0.00>
ST_3 : Operation 25 [1/1] (7.30ns)   --->   "%write_ln26 = write void @_ssdm_op_Write.m_axi.p1i32, i32 %gmem0_addr, i32 %in_val_data_filed, i4 15" [userdma.cpp:26]   --->   Operation 25 'write' 'write_ln26' <Predicate = true> <Delay = 7.30> <CoreInst = "m_axi">   --->   Core 113 'm_axi' <Latency = 0> <II = 1> <Delay = 1.00> <Adapter> <Opcode : 'read' 'write' 'readreq' 'writereq' 'writeresp'>
ST_3 : Operation 26 [1/1] (0.00ns)   --->   "%br_ln23 = br void %for.inc" [userdma.cpp:23]   --->   Operation 26 'br' 'br_ln23' <Predicate = true> <Delay = 0.00>


============================================================
+ Verbose Summary: Timing violations
============================================================
Target clock period: 10.000ns, clock uncertainty: 2.700ns.

 <State 1>: 4.140ns
The critical path consists of the following:
	'alloca' operation ('i') [5]  (0.000 ns)
	'load' operation ('i_load', userdma.cpp:23) on local variable 'i' [14]  (0.000 ns)
	'add' operation ('add_ln23', userdma.cpp:23) [18]  (2.522 ns)
	'store' operation ('store_ln23', userdma.cpp:23) of variable 'add_ln23', userdma.cpp:23 on local variable 'i' [26]  (1.588 ns)
	blocking operation 0.0296875 ns on control path)

 <State 2>: 3.507ns
The critical path consists of the following:
	fifo read operation ('inbuf_read', userdma.cpp:25) on port 'inbuf' (userdma.cpp:25) [23]  (3.507 ns)

 <State 3>: 7.300ns
The critical path consists of the following:
	bus write operation ('write_ln26', userdma.cpp:26) on port 'gmem0' (userdma.cpp:26) [25]  (7.300 ns)


============================================================
+ Verbose Summary: Binding
============================================================
N/A
* FSMD analyzer results:
  - Output states:
 - Input state : 
  - Chain level:
	State 1
	State 2
	State 3


============================================================
+ Verbose Summary: Datapath Resource usage 
============================================================
N/A
