================================================================
== Design Size Report
================================================================

* Instructions per Function for each Compilation Phase
+------------------------------+-----------------+--------------+---------------+----------------------+---------------+
| Function                     | Location        | Compile/Link | Unroll/Inline | Performance/Pipeline | Optimizations |
+------------------------------+-----------------+--------------+---------------+----------------------+---------------+
| + userdma                    | userdma.cpp:164 | 2,208        | 378           | 353                  | 400           |
|    getinstream               | userdma.cpp:40  |   994        | 112           |  85                  |  86           |
|  + streamtoparallelwithburst | userdma.cpp:4   |   267        |  50           |  47                  |  52           |
|     data                     | userdma.h:33    |    19        |               |                      |               |
|  + paralleltostreamwithburst | userdma.cpp:83  |   474        |  77           |  89                  |  97           |
|     out_data                 | userdma.h:38    |    28        |               |                      |               |
|    sendoutstream             | userdma.cpp:136 |   349        |  65           |  76                  |  72           |
+------------------------------+-----------------+--------------+---------------+----------------------+---------------+

* Description of Compilation Phases
+----------------------+------------------------------------------------------------+
| Compilation Phase    | Description                                                |
+----------------------+------------------------------------------------------------+
| Compile/Link         | All functions are compiled and linked into a single design |
| Unroll/Inline        | After user unroll and inline pragmas are applied           |
| Performance/Pipeline | After performance and pipeline pragmas are applied         |
| Optimizations        | After high level synthesis optimizations                   |
+----------------------+------------------------------------------------------------+

* Design Size Message Settings
+---------------------------------------------+--------+------------------------------------------------------------------+
| Message Setting                             | Value  | Description                                                      |
+---------------------------------------------+--------+------------------------------------------------------------------+
| config_compile -design_size_maximum_warning | 100000 | Show a warning when total design instructions exceeds this value |
+---------------------------------------------+--------+------------------------------------------------------------------+


